Atmosphère Crash Report (v1.7):
Result:                          0x4A8 (2168-0002)

Process Info:
    Process Name:                hbloader
    Program ID:                  010000000000100d
    Process ID:                  0000000000000083
    Process Flags:               000000b7
    User Exception Address:      00000056b9816000
Exception Info:
    Type:                        Data Abort
    Address:                     0000000000000000
Crashed Thread Info:
    Thread ID:                   000000000000024f
    Stack Region:                0000002ba4f24000-0000002ba4f45000
    Registers:
        X[00]:                   00000000ffffffff
        X[01]:                   0000000000000000
        X[02]:                   0000000000000000
        X[03]:                   0000000000000220
        X[04]:                   0000004df6b6d2e0
        X[05]:                   0000004df5da7ca8
        X[06]:                   0000000000000000
        X[07]:                   0000000000000000
        X[08]:                   0000000000000080
        X[09]:                   0000005a89093cc8
        X[10]:                   fffffffffffffff0
        X[11]:                   0000000000000000
        X[12]:                   0000000000002702
        X[13]:                   0000002ba4f439e0
        X[14]:                   0000004df6d7e954
        X[15]:                   0000004df6d7eb08
        X[16]:                   0000005a887e9fe0 (retroarch_switch + 0x447fe0)
        X[17]:                   0000004df6d7eb80
        X[18]:                   0000000000000000
        X[19]:                   0000000000000000
        X[20]:                   0000000000000400
        X[21]:                   0000000000000400
        X[22]:                   0000004df6e180a0
        X[23]:                   0000004ded973010
        X[24]:                   0000002bc1a89c90
        X[25]:                   0000000000000001
        X[26]:                   0000000000000012
        X[27]:                   0000000000000000
        X[28]:                   0000004ded88a010
        FP:                      0000002ba4f43a50
        LR:                      0000005a88629dcc (retroarch_switch + 0x287dcc)
        SP:                      0000002ba4f43a40
        PC:                      0000005a88629e08 (retroarch_switch + 0x287e08)
    Stack Trace:
        ReturnAddress[00]:       0000005a8862a910 (retroarch_switch + 0x288910)
        ReturnAddress[01]:       0000005a88420fa4 (retroarch_switch + 0x7efa4)
        ReturnAddress[02]:       0000005a8861a0e8 (retroarch_switch + 0x2780e8)
        ReturnAddress[03]:       0000005a88617d2c (retroarch_switch + 0x275d2c)
        ReturnAddress[04]:       0000005a88a8c178 (retroarch_switch + 0x6ea178)
        ReturnAddress[05]:       0000005a88a7625c (retroarch_switch + 0x6d425c)
        ReturnAddress[06]:       0000000000000000
    Stack Dump:                               00 01 02 03 04 05 06 07 08 09 0a 0b 0c 0d 0e 0f
                                 002ba4f43a40 40 d8 59 f2 4d 00 00 00 01 28 00 00 00 00 00 00
                                 002ba4f43a50 a0 3a f4 a4 2b 00 00 00 10 a9 62 88 5a 00 00 00
                                 002ba4f43a60 01 00 00 00 00 00 00 00 a0 80 e1 f6 4d 00 00 00
                                 002ba4f43a70 88 06 19 89 5a 00 00 00 60 ff 18 89 5a 00 00 00
                                 002ba4f43a80 88 06 19 89 5a 00 00 00 a0 80 e1 f6 4d 00 00 00
                                 002ba4f43a90 01 26 00 00 00 00 00 00 00 00 00 00 00 00 00 00
                                 002ba4f43aa0 e0 3a f4 a4 2b 00 00 00 a4 0f 42 88 5a 00 00 00
                                 002ba4f43ab0 01 00 00 00 00 00 00 00 88 8b a8 c1 2b 00 00 00
                                 002ba4f43ac0 80 8b a8 c1 2b 00 00 00 50 fa 04 89 5a 00 00 00
                                 002ba4f43ad0 30 db 05 42 00 00 00 00 01 26 00 00 01 26 00 00
                                 002ba4f43ae0 10 3b f4 a4 2b 00 00 00 e8 a0 61 88 5a 00 00 00
                                 002ba4f43af0 b0 3b f4 a4 2b 00 00 00 60 3c f4 a4 2b 00 00 00
                                 002ba4f43b00 10 a1 88 ed 4d 00 00 00 00 00 00 00 00 00 00 00
                                 002ba4f43b10 50 3f f4 a4 2b 00 00 00 2c 7d 61 88 5a 00 00 00
                                 002ba4f43b20 50 a4 88 ed 4d 00 00 00 d4 98 a8 c1 2b 00 00 00
                                 002ba4f43b30 10 7d 61 88 5a 00 00 00 50 a4 88 ed 4d 00 00 00
    TLS Address:                 00000056b9816600
    TLS Dump:                                 00 01 02 03 04 05 06 07 08 09 0a 0b 0c 0d 0e 0f
                                 0056b9816600 04 00 00 00 08 00 00 00 00 00 00 00 00 00 00 00
                                 0056b9816610 02 00 00 00 7f 00 00 00 00 00 00 00 00 00 00 00
                                 0056b9816620 53 46 43 4f 00 00 00 00 00 00 00 00 00 00 00 00
                                 0056b9816630 68 35 27 00 00 00 00 00 00 00 00 00 00 00 00 00
                                 0056b9816640 00 00 00 00 00 00 00 00 00 00 00 00 00 00 00 00
                                 0056b9816650 68 35 27 00 00 00 00 00 2b 00 28 00 00 00 00 00
                                 0056b9816660 00 00 00 00 18 00 00 00 88 36 f4 a4 2b 00 18 00
                                 0056b9816670 00 00 00 00 00 00 00 00 00 00 00 00 00 00 00 00
                                 0056b9816680 00 00 00 00 00 00 00 00 00 00 00 00 00 00 00 00
                                 0056b9816690 00 00 00 00 00 00 00 00 00 00 00 00 00 00 00 00
                                 0056b98166a0 00 00 00 00 00 00 00 00 00 00 00 00 00 00 00 00
                                 0056b98166b0 00 00 00 00 00 00 00 00 00 00 00 00 00 00 00 00
                                 0056b98166c0 00 00 00 00 00 00 00 00 00 00 00 00 00 00 00 00
                                 0056b98166d0 00 00 00 00 00 00 00 00 00 00 00 00 00 00 00 00
                                 0056b98166e0 00 00 00 00 00 00 00 00 00 00 00 00 00 00 00 00
                                 0056b98166f0 00 00 00 00 00 00 00 00 00 00 00 00 00 00 00 00
Module Info:
    Number of Modules:           2
    Module 00:
        Address:                 0000005a883a2000-0000005a88ac2000
        Name:                    retroarch_switch
        Module Id:               B6FF72BA14D3102649F78B924DD22B4867D89C1C000000000000000000000000
    Module 01:
        Address:                 0000002b12200000-0000002b1220b000
        Name:                    hbl
        Module Id:               116A8E9D8DE993B75474F4B409A16556AF7B97CE000000000000000000000000
Thread Report:
Number of Threads:               04
Threads[00]:
    Thread ID:                   0000000000000246
    Stack Region:                0000002bc198b000-0000002bc1a8b000
    Registers:
        X[00]:                   0000004ded655fe4
        X[01]:                   0000004ded88a3f8
        X[02]:                   00000000000081ff
        X[03]:                   ffffffffffffffff
        X[04]:                   0000000000000000
        X[05]:                   0000000000000000
        X[06]:                   0000000000000000
        X[07]:                   0000000000000000
        X[08]:                   0000000000000000
        X[09]:                   0000000000000000
        X[10]:                   0000000000000000
        X[11]:                   0000000000000000
        X[12]:                   0000000000000000
        X[13]:                   0000000000000000
        X[14]:                   0000000000000000
        X[15]:                   0000000000000000
        X[16]:                   0000000000000000
        X[17]:                   0000000000000000
        X[18]:                   0000000000000000
        X[19]:                   0000000000000000
        X[20]:                   0000000000000000
        X[21]:                   0000000000000000
        X[22]:                   0000000000000000
        X[23]:                   0000000000000000
        X[24]:                   0000000000000000
        X[25]:                   0000000000000000
        X[26]:                   0000000000000000
        X[27]:                   0000000000000000
        X[28]:                   0000000000000000
        FP:                      0000002bc1a889e0
        LR:                      0000005a88a75db8 (retroarch_switch + 0x6d3db8)
        SP:                      0000002bc1a889e0
        PC:                      0000005a88a85c08 (retroarch_switch + 0x6e3c08)
    Stack Trace:
        ReturnAddress[00]:       0000005a88a8c03c (retroarch_switch + 0x6ea03c)
        ReturnAddress[01]:       0000005a88618980 (retroarch_switch + 0x276980)
        ReturnAddress[02]:       0000005a8861a4a0 (retroarch_switch + 0x2784a0)
        ReturnAddress[03]:       0000005a88421d80 (retroarch_switch + 0x7fd80)
        ReturnAddress[04]:       0000005a8862acd8 (retroarch_switch + 0x288cd8)
        ReturnAddress[05]:       0000005a883f3a60 (retroarch_switch + 0x51a60)
        ReturnAddress[06]:       0000005a886084b4 (retroarch_switch + 0x2664b4)
        ReturnAddress[07]:       0000005a88608818 (retroarch_switch + 0x266818)
        ReturnAddress[08]:       0000005a88609ab4 (retroarch_switch + 0x267ab4)
        ReturnAddress[09]:       0000005a883b5218 (retroarch_switch + 0x13218)
        ReturnAddress[10]:       0000005a883ada4c (retroarch_switch + 0xba4c)
        ReturnAddress[11]:       0000005a883a2c80 (retroarch_switch + 0xc80)
        ReturnAddress[12]:       0000002b12214600
    Stack Dump:                               00 01 02 03 04 05 06 07 08 09 0a 0b 0c 0d 0e 0f
                                 002bc1a889e0 00 8a a8 c1 2b 00 00 00 3c c0 a8 88 5a 00 00 00
                                 002bc1a889f0 10 a0 88 ed 4d 00 00 00 90 8a a8 c1 2b 00 00 00
                                 002bc1a88a00 10 8a a8 c1 2b 00 00 00 80 89 61 88 5a 00 00 00
                                 002bc1a88a10 40 8a a8 c1 2b 00 00 00 a0 a4 61 88 5a 00 00 00
                                 002bc1a88a20 01 00 00 00 00 00 00 00 90 9c a8 c1 2b 00 00 00
                                 002bc1a88a30 10 30 97 ed 4d 00 00 00 7c 1c 3f 88 5a 00 00 00
                                 002bc1a88a40 40 8b a8 c1 2b 00 00 00 80 1d 42 88 5a 00 00 00
                                 002bc1a88a50 90 9c a8 c1 2b 00 00 00 01 00 00 00 00 00 00 00
                                 002bc1a88a60 10 30 97 ed 4d 00 00 00 01 00 00 00 00 00 00 00
                                 002bc1a88a70 9a e9 64 ed 4d 00 00 00 90 9c a8 c1 2b 00 00 00
                                 002bc1a88a80 90 8c a8 c1 2b 00 00 00 30 db 05 42 00 00 00 00
                                 002bc1a88a90 00 0f 42 88 5a 00 00 00 80 8b a8 c1 2b 00 00 00
                                 002bc1a88aa0 88 8b a8 c1 2b 00 00 00 10 30 97 ed 4d 00 00 00
                                 002bc1a88ab0 90 9c a8 c1 2b 00 00 00 30 db 05 42 00 01 00 00
                                 002bc1a88ac0 01 00 00 00 00 00 00 00 00 00 80 3f 00 00 00 00
                                 002bc1a88ad0 f0 8a a8 c1 2b 00 00 00 3c c0 a8 88 5a 00 00 00
    TLS Address:                 00000056b9816200
    TLS Dump:                                 00 01 02 03 04 05 06 07 08 09 0a 0b 0c 0d 0e 0f
                                 0056b9816200 04 00 00 00 08 00 00 00 00 00 00 00 00 00 00 00
                                 0056b9816210 02 00 00 00 7f 00 00 00 00 00 00 00 00 00 00 00
                                 0056b9816220 53 46 43 4f 00 00 00 00 00 00 00 00 00 00 00 00
                                 0056b9816230 de 04 00 00 00 00 00 00 00 00 00 00 00 00 00 00
                                 0056b9816240 00 00 00 00 00 00 00 00 00 00 00 00 00 00 00 00
                                 0056b9816250 de 04 00 00 00 00 00 00 00 00 00 00 00 00 00 00
                                 0056b9816260 52 45 56 34 00 00 00 00 00 50 02 00 00 00 00 00
                                 0056b9816270 83 00 00 00 00 00 00 00 83 00 00 00 00 00 00 00
                                 0056b9816280 00 00 00 00 00 00 00 00 00 00 00 00 00 00 00 00
                                 0056b9816290 00 00 00 00 00 00 00 00 00 00 00 00 00 00 00 00
                                 0056b98162a0 00 00 00 00 00 00 00 00 00 00 00 00 00 00 00 00
                                 0056b98162b0 00 00 00 00 00 00 00 00 00 00 00 00 00 00 00 00
                                 0056b98162c0 00 00 00 00 00 00 00 00 00 00 00 00 00 00 00 00
                                 0056b98162d0 00 00 00 00 00 00 00 00 00 00 00 00 00 00 00 00
                                 0056b98162e0 00 00 00 00 00 00 00 00 00 00 00 00 00 00 00 00
                                 0056b98162f0 00 00 00 00 00 00 00 00 00 00 00 00 00 00 00 00
Threads[01]:
    Thread ID:                   000000000000024e
    Stack Region:                0000002b87a9f000-0000002b87ac0000
    Registers:
        X[00]:                   0000004ded655be4
        X[01]:                   0000004ded655c68
        X[02]:                   00000000003581dd
        X[03]:                   ffffffffffffffff
        X[04]:                   0000000000000000
        X[05]:                   00ff00ff00ff0000
        X[06]:                   0080ff80ff80ff80
        X[07]:                   fefefefefefeff71
        X[08]:                   0000000000000000
        X[09]:                   0000000000000000
        X[10]:                   0000000000000000
        X[11]:                   0000000000000000
        X[12]:                   0000000000000000
        X[13]:                   0000000000000000
        X[14]:                   0000000000000000
        X[15]:                   0000000000000000
        X[16]:                   0000000000000000
        X[17]:                   0000000000000000
        X[18]:                   0000000000000000
        X[19]:                   0000000000000000
        X[20]:                   0000000000000000
        X[21]:                   0000000000000000
        X[22]:                   0000000000000000
        X[23]:                   0000000000000000
        X[24]:                   0000000000000000
        X[25]:                   0000000000000000
        X[26]:                   0000000000000000
        X[27]:                   0000000000000000
        X[28]:                   0000000000000000
        FP:                      0000002b87abeee0
        LR:                      0000005a88a75db8 (retroarch_switch + 0x6d3db8)
        SP:                      0000002b87abeee0
        PC:                      0000005a88a85c08 (retroarch_switch + 0x6e3c08)
    Stack Trace:
        ReturnAddress[00]:       0000005a88a8c03c (retroarch_switch + 0x6ea03c)
        ReturnAddress[01]:       0000005a883cc834 (retroarch_switch + 0x2a834)
        ReturnAddress[02]:       0000005a88617d2c (retroarch_switch + 0x275d2c)
        ReturnAddress[03]:       0000005a88a8c178 (retroarch_switch + 0x6ea178)
        ReturnAddress[04]:       0000005a88a7625c (retroarch_switch + 0x6d425c)
        ReturnAddress[05]:       0000000000000000
    Stack Dump:                               00 01 02 03 04 05 06 07 08 09 0a 0b 0c 0d 0e 0f
                                 002b87abeee0 00 ef ab 87 2b 00 00 00 3c c0 a8 88 5a 00 00 00
                                 002b87abeef0 00 00 00 00 00 00 00 00 f0 75 0c 89 5a 00 00 00
                                 002b87abef00 10 ef ab 87 2b 00 00 00 34 c8 3c 88 5a 00 00 00
                                 002b87abef10 50 ef ab 87 2b 00 00 00 2c 7d 61 88 5a 00 00 00
                                 002b87abef20 a0 5c 65 ed 4d 00 00 00 64 9b a8 c1 2b 00 00 00
                                 002b87abef30 10 7d 61 88 5a 00 00 00 a0 5c 65 ed 4d 00 00 00
                                 002b87abef40 00 00 00 00 00 00 00 00 00 00 00 00 00 00 00 00
                                 002b87abef50 70 ef ab 87 2b 00 00 00 78 c1 a8 88 5a 00 00 00
                                 002b87abef60 50 9b a8 c1 2b 00 00 00 70 c1 a8 88 5a 00 00 00
                                 002b87abef70 a0 ef ab 87 2b 00 00 00 5c 62 a7 88 5a 00 00 00
                                 002b87abef80 d0 ef ab 87 2b 00 00 00 08 65 81 b9 56 00 00 00
                                 002b87abef90 00 30 14 89 5a 00 00 00 00 00 00 00 00 00 00 00
                                 002b87abefa0 00 00 00 00 00 00 00 00 00 00 00 00 00 00 00 00
                                 002b87abefb0 00 00 00 00 00 00 00 00 00 00 00 00 00 00 00 00
                                 002b87abefc0 00 00 00 00 00 00 00 00 00 00 00 00 00 00 00 00
                                 002b87abefd0 c0 5c 65 ed 4d 00 00 00 30 c1 a8 88 5a 00 00 00
    TLS Address:                 00000056b9816400
    TLS Dump:                                 00 01 02 03 04 05 06 07 08 09 0a 0b 0c 0d 0e 0f
                                 0056b9816400 04 00 00 00 08 00 00 00 00 00 00 00 00 00 00 00
                                 0056b9816410 02 00 00 00 73 00 00 00 00 00 00 00 00 00 00 00
                                 0056b9816420 53 46 43 4f 00 00 00 00 00 00 00 00 00 00 00 00
                                 0056b9816430 00 00 00 00 00 00 00 00 00 00 00 00 00 00 00 00
                                 0056b9816440 00 00 00 00 00 00 00 00 00 00 00 00 00 00 00 00
                                 0056b9816450 00 00 00 00 00 00 00 00 00 00 00 00 00 00 00 00
                                 0056b9816460 00 00 00 00 00 00 00 00 00 00 00 00 00 00 00 00
                                 0056b9816470 00 00 00 00 00 00 00 00 00 00 00 00 00 00 00 00
                                 0056b9816480 00 00 00 00 00 00 00 00 00 00 00 00 00 00 00 00
                                 0056b9816490 00 00 00 00 00 00 00 00 00 00 00 00 00 00 00 00
                                 0056b98164a0 00 00 00 00 00 00 00 00 00 00 00 00 00 00 00 00
                                 0056b98164b0 00 00 00 00 00 00 00 00 00 00 00 00 00 00 00 00
                                 0056b98164c0 00 00 00 00 00 00 00 00 00 00 00 00 00 00 00 00
                                 0056b98164d0 00 00 00 00 00 00 00 00 00 00 00 00 00 00 00 00
                                 0056b98164e0 00 00 00 00 00 00 00 00 00 00 00 00 00 00 00 00
                                 0056b98164f0 00 00 00 00 00 00 00 00 00 00 00 00 00 00 00 00
Threads[02]:
    Thread ID:                   000000000000024f
    Stack Region:                0000002ba4f24000-0000002ba4f45000
    Registers:
        X[00]:                   00000000ffffffff
        X[01]:                   0000000000000000
        X[02]:                   0000000000000000
        X[03]:                   0000000000000220
        X[04]:                   0000004df6b6d2e0
        X[05]:                   0000004df5da7ca8
        X[06]:                   0000000000000000
        X[07]:                   0000000000000000
        X[08]:                   0000000000000080
        X[09]:                   0000005a89093cc8
        X[10]:                   fffffffffffffff0
        X[11]:                   0000000000000000
        X[12]:                   0000000000002702
        X[13]:                   0000002ba4f439e0
        X[14]:                   0000004df6d7e954
        X[15]:                   0000004df6d7eb08
        X[16]:                   0000005a887e9fe0 (retroarch_switch + 0x447fe0)
        X[17]:                   0000004df6d7eb80
        X[18]:                   0000000000000000
        X[19]:                   0000000000000000
        X[20]:                   0000000000000400
        X[21]:                   0000000000000400
        X[22]:                   0000004df6e180a0
        X[23]:                   0000004ded973010
        X[24]:                   0000002bc1a89c90
        X[25]:                   0000000000000001
        X[26]:                   0000000000000012
        X[27]:                   0000000000000000
        X[28]:                   0000004ded88a010
        FP:                      0000002ba4f43a50
        LR:                      0000005a88629dcc (retroarch_switch + 0x287dcc)
        SP:                      0000002ba4f43a40
        PC:                      0000005a88629e08 (retroarch_switch + 0x287e08)
    Stack Trace:
        ReturnAddress[00]:       0000005a8862a910 (retroarch_switch + 0x288910)
        ReturnAddress[01]:       0000005a88420fa4 (retroarch_switch + 0x7efa4)
        ReturnAddress[02]:       0000005a8861a0e8 (retroarch_switch + 0x2780e8)
        ReturnAddress[03]:       0000005a88617d2c (retroarch_switch + 0x275d2c)
        ReturnAddress[04]:       0000005a88a8c178 (retroarch_switch + 0x6ea178)
        ReturnAddress[05]:       0000005a88a7625c (retroarch_switch + 0x6d425c)
        ReturnAddress[06]:       0000000000000000
    Stack Dump:                               00 01 02 03 04 05 06 07 08 09 0a 0b 0c 0d 0e 0f
                                 002ba4f43a40 40 d8 59 f2 4d 00 00 00 01 28 00 00 00 00 00 00
                                 002ba4f43a50 a0 3a f4 a4 2b 00 00 00 10 a9 62 88 5a 00 00 00
                                 002ba4f43a60 01 00 00 00 00 00 00 00 a0 80 e1 f6 4d 00 00 00
                                 002ba4f43a70 88 06 19 89 5a 00 00 00 60 ff 18 89 5a 00 00 00
                                 002ba4f43a80 88 06 19 89 5a 00 00 00 a0 80 e1 f6 4d 00 00 00
                                 002ba4f43a90 01 26 00 00 00 00 00 00 00 00 00 00 00 00 00 00
                                 002ba4f43aa0 e0 3a f4 a4 2b 00 00 00 a4 0f 42 88 5a 00 00 00
                                 002ba4f43ab0 01 00 00 00 00 00 00 00 88 8b a8 c1 2b 00 00 00
                                 002ba4f43ac0 80 8b a8 c1 2b 00 00 00 50 fa 04 89 5a 00 00 00
                                 002ba4f43ad0 30 db 05 42 00 00 00 00 01 26 00 00 01 26 00 00
                                 002ba4f43ae0 10 3b f4 a4 2b 00 00 00 e8 a0 61 88 5a 00 00 00
                                 002ba4f43af0 b0 3b f4 a4 2b 00 00 00 60 3c f4 a4 2b 00 00 00
                                 002ba4f43b00 10 a1 88 ed 4d 00 00 00 00 00 00 00 00 00 00 00
                                 002ba4f43b10 50 3f f4 a4 2b 00 00 00 2c 7d 61 88 5a 00 00 00
                                 002ba4f43b20 50 a4 88 ed 4d 00 00 00 d4 98 a8 c1 2b 00 00 00
                                 002ba4f43b30 10 7d 61 88 5a 00 00 00 50 a4 88 ed 4d 00 00 00
    TLS Address:                 00000056b9816600
    TLS Dump:                                 00 01 02 03 04 05 06 07 08 09 0a 0b 0c 0d 0e 0f
                                 0056b9816600 04 00 00 00 08 00 00 00 00 00 00 00 00 00 00 00
                                 0056b9816610 02 00 00 00 7f 00 00 00 00 00 00 00 00 00 00 00
                                 0056b9816620 53 46 43 4f 00 00 00 00 00 00 00 00 00 00 00 00
                                 0056b9816630 68 35 27 00 00 00 00 00 00 00 00 00 00 00 00 00
                                 0056b9816640 00 00 00 00 00 00 00 00 00 00 00 00 00 00 00 00
                                 0056b9816650 68 35 27 00 00 00 00 00 2b 00 28 00 00 00 00 00
                                 0056b9816660 00 00 00 00 18 00 00 00 88 36 f4 a4 2b 00 18 00
                                 0056b9816670 00 00 00 00 00 00 00 00 00 00 00 00 00 00 00 00
                                 0056b9816680 00 00 00 00 00 00 00 00 00 00 00 00 00 00 00 00
                                 0056b9816690 00 00 00 00 00 00 00 00 00 00 00 00 00 00 00 00
                                 0056b98166a0 00 00 00 00 00 00 00 00 00 00 00 00 00 00 00 00
                                 0056b98166b0 00 00 00 00 00 00 00 00 00 00 00 00 00 00 00 00
                                 0056b98166c0 00 00 00 00 00 00 00 00 00 00 00 00 00 00 00 00
                                 0056b98166d0 00 00 00 00 00 00 00 00 00 00 00 00 00 00 00 00
                                 0056b98166e0 00 00 00 00 00 00 00 00 00 00 00 00 00 00 00 00
                                 0056b98166f0 00 00 00 00 00 00 00 00 00 00 00 00 00 00 00 00
Threads[03]:
    Thread ID:                   0000000000000251
    Stack Region:                0000002b86685000-0000002b86688000
    Registers:
        X[00]:                   00000000000003e8
        X[01]:                   00000000003b81d5
        X[02]:                   00000000003b81d5
        X[03]:                   0000000000000000
        X[04]:                   0000000000000000
        X[05]:                   0000000000000000
        X[06]:                   0000000000000000
        X[07]:                   0000000000000000
        X[08]:                   0000000000000000
        X[09]:                   0000000000000000
        X[10]:                   0000000000000000
        X[11]:                   0000000000000000
        X[12]:                   0000000000000000
        X[13]:                   0000000000000000
        X[14]:                   0000000000000000
        X[15]:                   0000000000000000
        X[16]:                   0000000000000000
        X[17]:                   0000000000000000
        X[18]:                   0000000000000000
        X[19]:                   0000000000000000
        X[20]:                   0000000000000000
        X[21]:                   0000000000000000
        X[22]:                   0000000000000000
        X[23]:                   0000000000000000
        X[24]:                   0000000000000000
        X[25]:                   0000000000000000
        X[26]:                   0000000000000000
        X[27]:                   0000000000000000
        X[28]:                   0000000000000000
        FP:                      0000002b86686f50
        LR:                      0000005a8861c510 (retroarch_switch + 0x27a510)
        SP:                      0000002b86686f50
        PC:                      0000005a88a85b84 (retroarch_switch + 0x6e3b84)
    Stack Trace:
        ReturnAddress[00]:       0000005a88a7625c (retroarch_switch + 0x6d425c)
        ReturnAddress[01]:       0000000000000000
    Stack Dump:                               00 01 02 03 04 05 06 07 08 09 0a 0b 0c 0d 0e 0f
                                 002b86686f50 a0 6f 68 86 2b 00 00 00 5c 62 a7 88 5a 00 00 00
                                 002b86686f60 d0 6f 68 86 2b 00 00 00 08 69 81 b9 56 00 00 00
                                 002b86686f70 00 30 14 89 5a 00 00 00 00 00 00 00 00 00 00 00
                                 002b86686f80 00 00 00 00 00 00 00 00 00 00 00 00 00 00 00 00
                                 002b86686f90 00 00 00 00 00 00 00 00 08 69 81 b9 56 00 00 00
                                 002b86686fa0 00 00 00 00 00 00 00 00 00 00 00 00 00 00 00 00
                                 002b86686fb0 00 00 00 00 00 00 00 00 00 00 00 00 00 00 00 00
                                 002b86686fc0 00 00 00 00 00 00 00 00 ff 00 ff 00 ff 00 ff 00
                                 002b86686fd0 28 ff b6 f5 4d 00 00 00 40 c4 61 88 5a 00 00 00
                                 002b86686fe0 90 fd b6 f5 4d 00 00 00 00 70 68 86 2b 00 00 00
                                 002b86686ff0 70 77 68 86 2b 00 00 00 ff 00 ff 00 ff 00 ff 00
                                 002b86687000 00 00 00 00 00 00 00 00 d8 36 09 89 5a 00 00 00
                                 002b86687010 90 37 09 89 5a 00 00 00 48 38 09 89 5a 00 00 00
                                 002b86687020 00 00 00 00 00 00 00 00 00 00 00 00 00 00 00 00
                                 002b86687030 00 00 00 00 00 00 00 00 00 00 00 00 00 00 00 00
                                 002b86687040 00 00 00 00 00 00 00 00 00 00 00 00 00 00 00 00
    TLS Address:                 00000056b9816800
    TLS Dump:                                 00 01 02 03 04 05 06 07 08 09 0a 0b 0c 0d 0e 0f
                                 0056b9816800 00 00 00 00 00 00 00 00 00 00 00 00 00 00 00 00
                                 0056b9816810 00 00 00 00 00 00 00 00 00 00 00 00 00 00 00 00
                                 0056b9816820 00 00 00 00 00 00 00 00 00 00 00 00 00 00 00 00
                                 0056b9816830 00 00 00 00 00 00 00 00 00 00 00 00 00 00 00 00
                                 0056b9816840 00 00 00 00 00 00 00 00 00 00 00 00 00 00 00 00
                                 0056b9816850 00 00 00 00 00 00 00 00 00 00 00 00 00 00 00 00
                                 0056b9816860 00 00 00 00 00 00 00 00 00 00 00 00 00 00 00 00
                                 0056b9816870 00 00 00 00 00 00 00 00 00 00 00 00 00 00 00 00
                                 0056b9816880 00 00 00 00 00 00 00 00 00 00 00 00 00 00 00 00
                                 0056b9816890 00 00 00 00 00 00 00 00 00 00 00 00 00 00 00 00
                                 0056b98168a0 00 00 00 00 00 00 00 00 00 00 00 00 00 00 00 00
                                 0056b98168b0 00 00 00 00 00 00 00 00 00 00 00 00 00 00 00 00
                                 0056b98168c0 00 00 00 00 00 00 00 00 00 00 00 00 00 00 00 00
                                 0056b98168d0 00 00 00 00 00 00 00 00 00 00 00 00 00 00 00 00
                                 0056b98168e0 00 00 00 00 00 00 00 00 00 00 00 00 00 00 00 00
                                 0056b98168f0 00 00 00 00 00 00 00 00 00 00 00 00 00 00 00 00
